<?xml version="1.0" encoding="UTF-8"?>
<testsuite xmlns:xsi="http://www.w3.org/2001/XMLSchema-instance" xsi:noNamespaceSchemaLocation="https://maven.apache.org/surefire/maven-surefire-plugin/xsd/surefire-test-report.xsd" name="com.atguigu.springboot.SpringBoot02ConfigApplicationTests" time="2.761" tests="1" errors="0" skipped="0" failures="0">
  <properties>
    <property name="sun.desktop" value="windows"/>
    <property name="awt.toolkit" value="sun.awt.windows.WToolkit"/>
    <property name="file.encoding.pkg" value="sun.io"/>
    <property name="java.specification.version" value="1.8"/>
    <property name="sun.cpu.isalist" value="amd64"/>
    <property name="sun.jnu.encoding" value="GBK"/>
    <property name="java.class.path" value="E:\SpringBootLearning\spring-boot-02-config\target\test-classes;E:\SpringBootLearning\spring-boot-02-config\target\classes;D:\devsoft\maven-repository\org\springframework\boot\spring-boot-starter-web\2.4.1\spring-boot-starter-web-2.4.1.jar;D:\devsoft\maven-repository\org\springframework\boot\spring-boot-starter\2.4.1\spring-boot-starter-2.4.1.jar;D:\devsoft\maven-repository\org\springframework\boot\spring-boot\2.4.1\spring-boot-2.4.1.jar;D:\devsoft\maven-repository\org\springframework\boot\spring-boot-autoconfigure\2.4.1\spring-boot-autoconfigure-2.4.1.jar;D:\devsoft\maven-repository\org\springframework\boot\spring-boot-starter-logging\2.4.1\spring-boot-starter-logging-2.4.1.jar;D:\devsoft\maven-repository\ch\qos\logback\logback-classic\1.2.3\logback-classic-1.2.3.jar;D:\devsoft\maven-repository\ch\qos\logback\logback-core\1.2.3\logback-core-1.2.3.jar;D:\devsoft\maven-repository\org\apache\logging\log4j\log4j-to-slf4j\2.13.3\log4j-to-slf4j-2.13.3.jar;D:\devsoft\maven-repository\org\apache\logging\log4j\log4j-api\2.13.3\log4j-api-2.13.3.jar;D:\devsoft\maven-repository\org\slf4j\jul-to-slf4j\1.7.30\jul-to-slf4j-1.7.30.jar;D:\devsoft\maven-repository\jakarta\annotation\jakarta.annotation-api\1.3.5\jakarta.annotation-api-1.3.5.jar;D:\devsoft\maven-repository\org\yaml\snakeyaml\1.27\snakeyaml-1.27.jar;D:\devsoft\maven-repository\org\springframework\boot\spring-boot-starter-json\2.4.1\spring-boot-starter-json-2.4.1.jar;D:\devsoft\maven-repository\com\fasterxml\jackson\core\jackson-databind\2.11.3\jackson-databind-2.11.3.jar;D:\devsoft\maven-repository\com\fasterxml\jackson\core\jackson-annotations\2.11.3\jackson-annotations-2.11.3.jar;D:\devsoft\maven-repository\com\fasterxml\jackson\core\jackson-core\2.11.3\jackson-core-2.11.3.jar;D:\devsoft\maven-repository\com\fasterxml\jackson\datatype\jackson-datatype-jdk8\2.11.3\jackson-datatype-jdk8-2.11.3.jar;D:\devsoft\maven-repository\com\fasterxml\jackson\datatype\jackson-datatype-jsr310\2.11.3\jackson-datatype-jsr310-2.11.3.jar;D:\devsoft\maven-repository\com\fasterxml\jackson\module\jackson-module-parameter-names\2.11.3\jackson-module-parameter-names-2.11.3.jar;D:\devsoft\maven-repository\org\springframework\boot\spring-boot-starter-tomcat\2.4.1\spring-boot-starter-tomcat-2.4.1.jar;D:\devsoft\maven-repository\org\apache\tomcat\embed\tomcat-embed-core\9.0.41\tomcat-embed-core-9.0.41.jar;D:\devsoft\maven-repository\org\glassfish\jakarta.el\3.0.3\jakarta.el-3.0.3.jar;D:\devsoft\maven-repository\org\apache\tomcat\embed\tomcat-embed-websocket\9.0.41\tomcat-embed-websocket-9.0.41.jar;D:\devsoft\maven-repository\org\springframework\spring-web\5.3.2\spring-web-5.3.2.jar;D:\devsoft\maven-repository\org\springframework\spring-beans\5.3.2\spring-beans-5.3.2.jar;D:\devsoft\maven-repository\org\springframework\spring-webmvc\5.3.2\spring-webmvc-5.3.2.jar;D:\devsoft\maven-repository\org\springframework\spring-aop\5.3.2\spring-aop-5.3.2.jar;D:\devsoft\maven-repository\org\springframework\spring-context\5.3.2\spring-context-5.3.2.jar;D:\devsoft\maven-repository\org\springframework\spring-expression\5.3.2\spring-expression-5.3.2.jar;D:\devsoft\maven-repository\org\springframework\boot\spring-boot-starter-test\2.4.1\spring-boot-starter-test-2.4.1.jar;D:\devsoft\maven-repository\org\springframework\boot\spring-boot-test\2.4.1\spring-boot-test-2.4.1.jar;D:\devsoft\maven-repository\org\springframework\boot\spring-boot-test-autoconfigure\2.4.1\spring-boot-test-autoconfigure-2.4.1.jar;D:\devsoft\maven-repository\com\jayway\jsonpath\json-path\2.4.0\json-path-2.4.0.jar;D:\devsoft\maven-repository\net\minidev\json-smart\2.3\json-smart-2.3.jar;D:\devsoft\maven-repository\net\minidev\accessors-smart\1.2\accessors-smart-1.2.jar;D:\devsoft\maven-repository\org\ow2\asm\asm\5.0.4\asm-5.0.4.jar;D:\devsoft\maven-repository\org\slf4j\slf4j-api\1.7.30\slf4j-api-1.7.30.jar;D:\devsoft\maven-repository\jakarta\xml\bind\jakarta.xml.bind-api\2.3.3\jakarta.xml.bind-api-2.3.3.jar;D:\devsoft\maven-repository\jakarta\activation\jakarta.activation-api\1.2.2\jakarta.activation-api-1.2.2.jar;D:\devsoft\maven-repository\org\assertj\assertj-core\3.18.1\assertj-core-3.18.1.jar;D:\devsoft\maven-repository\org\hamcrest\hamcrest\2.2\hamcrest-2.2.jar;D:\devsoft\maven-repository\org\junit\jupiter\junit-jupiter\5.7.0\junit-jupiter-5.7.0.jar;D:\devsoft\maven-repository\org\junit\jupiter\junit-jupiter-api\5.7.0\junit-jupiter-api-5.7.0.jar;D:\devsoft\maven-repository\org\apiguardian\apiguardian-api\1.1.0\apiguardian-api-1.1.0.jar;D:\devsoft\maven-repository\org\opentest4j\opentest4j\1.2.0\opentest4j-1.2.0.jar;D:\devsoft\maven-repository\org\junit\platform\junit-platform-commons\1.7.0\junit-platform-commons-1.7.0.jar;D:\devsoft\maven-repository\org\junit\jupiter\junit-jupiter-params\5.7.0\junit-jupiter-params-5.7.0.jar;D:\devsoft\maven-repository\org\junit\jupiter\junit-jupiter-engine\5.7.0\junit-jupiter-engine-5.7.0.jar;D:\devsoft\maven-repository\org\junit\platform\junit-platform-engine\1.7.0\junit-platform-engine-1.7.0.jar;D:\devsoft\maven-repository\org\mockito\mockito-core\3.6.28\mockito-core-3.6.28.jar;D:\devsoft\maven-repository\net\bytebuddy\byte-buddy\1.10.18\byte-buddy-1.10.18.jar;D:\devsoft\maven-repository\net\bytebuddy\byte-buddy-agent\1.10.18\byte-buddy-agent-1.10.18.jar;D:\devsoft\maven-repository\org\objenesis\objenesis\3.1\objenesis-3.1.jar;D:\devsoft\maven-repository\org\mockito\mockito-junit-jupiter\3.6.28\mockito-junit-jupiter-3.6.28.jar;D:\devsoft\maven-repository\org\skyscreamer\jsonassert\1.5.0\jsonassert-1.5.0.jar;D:\devsoft\maven-repository\com\vaadin\external\google\android-json\0.0.20131108.vaadin1\android-json-0.0.20131108.vaadin1.jar;D:\devsoft\maven-repository\org\springframework\spring-core\5.3.2\spring-core-5.3.2.jar;D:\devsoft\maven-repository\org\springframework\spring-jcl\5.3.2\spring-jcl-5.3.2.jar;D:\devsoft\maven-repository\org\springframework\spring-test\5.3.2\spring-test-5.3.2.jar;D:\devsoft\maven-repository\org\xmlunit\xmlunit-core\2.7.0\xmlunit-core-2.7.0.jar;D:\devsoft\maven-repository\org\springframework\boot\spring-boot-configuration-processor\2.4.1\spring-boot-configuration-processor-2.4.1.jar;D:\devsoft\maven-repository\junit\junit\4.13.1\junit-4.13.1.jar;D:\devsoft\maven-repository\org\hamcrest\hamcrest-core\2.2\hamcrest-core-2.2.jar;D:\devsoft\maven-repository\commons-validator\commons-validator\1.3.1\commons-validator-1.3.1.jar;D:\devsoft\maven-repository\commons-beanutils\commons-beanutils\1.7.0\commons-beanutils-1.7.0.jar;D:\devsoft\maven-repository\commons-digester\commons-digester\1.6\commons-digester-1.6.jar;D:\devsoft\maven-repository\commons-collections\commons-collections\2.1\commons-collections-2.1.jar;D:\devsoft\maven-repository\xml-apis\xml-apis\1.0.b2\xml-apis-1.0.b2.jar;D:\devsoft\maven-repository\commons-logging\commons-logging\1.0.4\commons-logging-1.0.4.jar;"/>
    <property name="java.vm.vendor" value="Oracle Corporation"/>
    <property name="sun.arch.data.model" value="64"/>
    <property name="user.variant" value=""/>
    <property name="java.vendor.url" value="http://java.oracle.com/"/>
    <property name="user.timezone" value="Asia/Shanghai"/>
    <property name="java.vm.specification.version" value="1.8"/>
    <property name="os.name" value="Windows 10"/>
    <property name="user.country" value="CN"/>
    <property name="sun.java.launcher" value="SUN_STANDARD"/>
    <property name="sun.boot.library.path" value="D:\Java\jdk1.8.0_261\jre\bin"/>
    <property name="sun.java.command" value="C:\Users\Jiangrun\AppData\Local\Temp\surefire3663172429790494801\surefirebooter4757793769504438071.jar C:\Users\Jiangrun\AppData\Local\Temp\surefire3663172429790494801 2021-01-02T17-19-07_632-jvmRun1 surefire1427314602229583784tmp surefire_04447465722682766162tmp"/>
    <property name="surefire.test.class.path" value="E:\SpringBootLearning\spring-boot-02-config\target\test-classes;E:\SpringBootLearning\spring-boot-02-config\target\classes;D:\devsoft\maven-repository\org\springframework\boot\spring-boot-starter-web\2.4.1\spring-boot-starter-web-2.4.1.jar;D:\devsoft\maven-repository\org\springframework\boot\spring-boot-starter\2.4.1\spring-boot-starter-2.4.1.jar;D:\devsoft\maven-repository\org\springframework\boot\spring-boot\2.4.1\spring-boot-2.4.1.jar;D:\devsoft\maven-repository\org\springframework\boot\spring-boot-autoconfigure\2.4.1\spring-boot-autoconfigure-2.4.1.jar;D:\devsoft\maven-repository\org\springframework\boot\spring-boot-starter-logging\2.4.1\spring-boot-starter-logging-2.4.1.jar;D:\devsoft\maven-repository\ch\qos\logback\logback-classic\1.2.3\logback-classic-1.2.3.jar;D:\devsoft\maven-repository\ch\qos\logback\logback-core\1.2.3\logback-core-1.2.3.jar;D:\devsoft\maven-repository\org\apache\logging\log4j\log4j-to-slf4j\2.13.3\log4j-to-slf4j-2.13.3.jar;D:\devsoft\maven-repository\org\apache\logging\log4j\log4j-api\2.13.3\log4j-api-2.13.3.jar;D:\devsoft\maven-repository\org\slf4j\jul-to-slf4j\1.7.30\jul-to-slf4j-1.7.30.jar;D:\devsoft\maven-repository\jakarta\annotation\jakarta.annotation-api\1.3.5\jakarta.annotation-api-1.3.5.jar;D:\devsoft\maven-repository\org\yaml\snakeyaml\1.27\snakeyaml-1.27.jar;D:\devsoft\maven-repository\org\springframework\boot\spring-boot-starter-json\2.4.1\spring-boot-starter-json-2.4.1.jar;D:\devsoft\maven-repository\com\fasterxml\jackson\core\jackson-databind\2.11.3\jackson-databind-2.11.3.jar;D:\devsoft\maven-repository\com\fasterxml\jackson\core\jackson-annotations\2.11.3\jackson-annotations-2.11.3.jar;D:\devsoft\maven-repository\com\fasterxml\jackson\core\jackson-core\2.11.3\jackson-core-2.11.3.jar;D:\devsoft\maven-repository\com\fasterxml\jackson\datatype\jackson-datatype-jdk8\2.11.3\jackson-datatype-jdk8-2.11.3.jar;D:\devsoft\maven-repository\com\fasterxml\jackson\datatype\jackson-datatype-jsr310\2.11.3\jackson-datatype-jsr310-2.11.3.jar;D:\devsoft\maven-repository\com\fasterxml\jackson\module\jackson-module-parameter-names\2.11.3\jackson-module-parameter-names-2.11.3.jar;D:\devsoft\maven-repository\org\springframework\boot\spring-boot-starter-tomcat\2.4.1\spring-boot-starter-tomcat-2.4.1.jar;D:\devsoft\maven-repository\org\apache\tomcat\embed\tomcat-embed-core\9.0.41\tomcat-embed-core-9.0.41.jar;D:\devsoft\maven-repository\org\glassfish\jakarta.el\3.0.3\jakarta.el-3.0.3.jar;D:\devsoft\maven-repository\org\apache\tomcat\embed\tomcat-embed-websocket\9.0.41\tomcat-embed-websocket-9.0.41.jar;D:\devsoft\maven-repository\org\springframework\spring-web\5.3.2\spring-web-5.3.2.jar;D:\devsoft\maven-repository\org\springframework\spring-beans\5.3.2\spring-beans-5.3.2.jar;D:\devsoft\maven-repository\org\springframework\spring-webmvc\5.3.2\spring-webmvc-5.3.2.jar;D:\devsoft\maven-repository\org\springframework\spring-aop\5.3.2\spring-aop-5.3.2.jar;D:\devsoft\maven-repository\org\springframework\spring-context\5.3.2\spring-context-5.3.2.jar;D:\devsoft\maven-repository\org\springframework\spring-expression\5.3.2\spring-expression-5.3.2.jar;D:\devsoft\maven-repository\org\springframework\boot\spring-boot-starter-test\2.4.1\spring-boot-starter-test-2.4.1.jar;D:\devsoft\maven-repository\org\springframework\boot\spring-boot-test\2.4.1\spring-boot-test-2.4.1.jar;D:\devsoft\maven-repository\org\springframework\boot\spring-boot-test-autoconfigure\2.4.1\spring-boot-test-autoconfigure-2.4.1.jar;D:\devsoft\maven-repository\com\jayway\jsonpath\json-path\2.4.0\json-path-2.4.0.jar;D:\devsoft\maven-repository\net\minidev\json-smart\2.3\json-smart-2.3.jar;D:\devsoft\maven-repository\net\minidev\accessors-smart\1.2\accessors-smart-1.2.jar;D:\devsoft\maven-repository\org\ow2\asm\asm\5.0.4\asm-5.0.4.jar;D:\devsoft\maven-repository\org\slf4j\slf4j-api\1.7.30\slf4j-api-1.7.30.jar;D:\devsoft\maven-repository\jakarta\xml\bind\jakarta.xml.bind-api\2.3.3\jakarta.xml.bind-api-2.3.3.jar;D:\devsoft\maven-repository\jakarta\activation\jakarta.activation-api\1.2.2\jakarta.activation-api-1.2.2.jar;D:\devsoft\maven-repository\org\assertj\assertj-core\3.18.1\assertj-core-3.18.1.jar;D:\devsoft\maven-repository\org\hamcrest\hamcrest\2.2\hamcrest-2.2.jar;D:\devsoft\maven-repository\org\junit\jupiter\junit-jupiter\5.7.0\junit-jupiter-5.7.0.jar;D:\devsoft\maven-repository\org\junit\jupiter\junit-jupiter-api\5.7.0\junit-jupiter-api-5.7.0.jar;D:\devsoft\maven-repository\org\apiguardian\apiguardian-api\1.1.0\apiguardian-api-1.1.0.jar;D:\devsoft\maven-repository\org\opentest4j\opentest4j\1.2.0\opentest4j-1.2.0.jar;D:\devsoft\maven-repository\org\junit\platform\junit-platform-commons\1.7.0\junit-platform-commons-1.7.0.jar;D:\devsoft\maven-repository\org\junit\jupiter\junit-jupiter-params\5.7.0\junit-jupiter-params-5.7.0.jar;D:\devsoft\maven-repository\org\junit\jupiter\junit-jupiter-engine\5.7.0\junit-jupiter-engine-5.7.0.jar;D:\devsoft\maven-repository\org\junit\platform\junit-platform-engine\1.7.0\junit-platform-engine-1.7.0.jar;D:\devsoft\maven-repository\org\mockito\mockito-core\3.6.28\mockito-core-3.6.28.jar;D:\devsoft\maven-repository\net\bytebuddy\byte-buddy\1.10.18\byte-buddy-1.10.18.jar;D:\devsoft\maven-repository\net\bytebuddy\byte-buddy-agent\1.10.18\byte-buddy-agent-1.10.18.jar;D:\devsoft\maven-repository\org\objenesis\objenesis\3.1\objenesis-3.1.jar;D:\devsoft\maven-repository\org\mockito\mockito-junit-jupiter\3.6.28\mockito-junit-jupiter-3.6.28.jar;D:\devsoft\maven-repository\org\skyscreamer\jsonassert\1.5.0\jsonassert-1.5.0.jar;D:\devsoft\maven-repository\com\vaadin\external\google\android-json\0.0.20131108.vaadin1\android-json-0.0.20131108.vaadin1.jar;D:\devsoft\maven-repository\org\springframework\spring-core\5.3.2\spring-core-5.3.2.jar;D:\devsoft\maven-repository\org\springframework\spring-jcl\5.3.2\spring-jcl-5.3.2.jar;D:\devsoft\maven-repository\org\springframework\spring-test\5.3.2\spring-test-5.3.2.jar;D:\devsoft\maven-repository\org\xmlunit\xmlunit-core\2.7.0\xmlunit-core-2.7.0.jar;D:\devsoft\maven-repository\org\springframework\boot\spring-boot-configuration-processor\2.4.1\spring-boot-configuration-processor-2.4.1.jar;D:\devsoft\maven-repository\junit\junit\4.13.1\junit-4.13.1.jar;D:\devsoft\maven-repository\org\hamcrest\hamcrest-core\2.2\hamcrest-core-2.2.jar;D:\devsoft\maven-repository\commons-validator\commons-validator\1.3.1\commons-validator-1.3.1.jar;D:\devsoft\maven-repository\commons-beanutils\commons-beanutils\1.7.0\commons-beanutils-1.7.0.jar;D:\devsoft\maven-repository\commons-digester\commons-digester\1.6\commons-digester-1.6.jar;D:\devsoft\maven-repository\commons-collections\commons-collections\2.1\commons-collections-2.1.jar;D:\devsoft\maven-repository\xml-apis\xml-apis\1.0.b2\xml-apis-1.0.b2.jar;D:\devsoft\maven-repository\commons-logging\commons-logging\1.0.4\commons-logging-1.0.4.jar;"/>
    <property name="sun.cpu.endian" value="little"/>
    <property name="user.home" value="C:\Users\Jiangrun"/>
    <property name="user.language" value="zh"/>
    <property name="java.specification.vendor" value="Oracle Corporation"/>
    <property name="java.home" value="D:\Java\jdk1.8.0_261\jre"/>
    <property name="basedir" value="E:\SpringBootLearning\spring-boot-02-config"/>
    <property name="file.separator" value="\"/>
    <property name="line.separator" value="&#10;"/>
    <property name="java.vm.specification.vendor" value="Oracle Corporation"/>
    <property name="java.specification.name" value="Java Platform API Specification"/>
    <property name="java.awt.graphicsenv" value="sun.awt.Win32GraphicsEnvironment"/>
    <property name="surefire.real.class.path" value="C:\Users\Jiangrun\AppData\Local\Temp\surefire3663172429790494801\surefirebooter4757793769504438071.jar"/>
    <property name="sun.boot.class.path" value="D:\Java\jdk1.8.0_261\jre\lib\resources.jar;D:\Java\jdk1.8.0_261\jre\lib\rt.jar;D:\Java\jdk1.8.0_261\jre\lib\sunrsasign.jar;D:\Java\jdk1.8.0_261\jre\lib\jsse.jar;D:\Java\jdk1.8.0_261\jre\lib\jce.jar;D:\Java\jdk1.8.0_261\jre\lib\charsets.jar;D:\Java\jdk1.8.0_261\jre\lib\jfr.jar;D:\Java\jdk1.8.0_261\jre\classes"/>
    <property name="user.script" value=""/>
    <property name="sun.management.compiler" value="HotSpot 64-Bit Tiered Compilers"/>
    <property name="java.runtime.version" value="1.8.0_261-b12"/>
    <property name="user.name" value="Jiangrun"/>
    <property name="path.separator" value=";"/>
    <property name="os.version" value="10.0"/>
    <property name="java.endorsed.dirs" value="D:\Java\jdk1.8.0_261\jre\lib\endorsed"/>
    <property name="java.runtime.name" value="Java(TM) SE Runtime Environment"/>
    <property name="file.encoding" value="GBK"/>
    <property name="java.vm.name" value="Java HotSpot(TM) 64-Bit Server VM"/>
    <property name="localRepository" value="D:\devsoft\maven-repository"/>
    <property name="java.vendor.url.bug" value="http://bugreport.sun.com/bugreport/"/>
    <property name="java.io.tmpdir" value="C:\Users\Jiangrun\AppData\Local\Temp\"/>
    <property name="idea.version" value="2020.3.1"/>
    <property name="java.version" value="1.8.0_261"/>
    <property name="user.dir" value="E:\SpringBootLearning\spring-boot-02-config"/>
    <property name="os.arch" value="amd64"/>
    <property name="java.vm.specification.name" value="Java Virtual Machine Specification"/>
    <property name="java.awt.printerjob" value="sun.awt.windows.WPrinterJob"/>
    <property name="sun.os.patch.level" value=""/>
    <property name="java.library.path" value="D:\Java\jdk1.8.0_261\jre\bin;C:\Windows\Sun\Java\bin;C:\Windows\system32;C:\Windows;C:\Program Files (x86)\Common Files\Oracle\Java\javapath;C:\Windows\system32;C:\Windows;C:\Windows\System32\Wbem;C:\Windows\System32\WindowsPowerShell\v1.0\;C:\Windows\System32\OpenSSH\;D:\Matlab_R2019b\Installation\bin;D:\Java\jdk1.8.0_261\bin;D:\Java\jdk1.8.0_261\jre\bin;D:\devsoft\apache-maven-3.3.9\bin;C:\Users\Jiangrun\AppData\Local\Microsoft\WindowsApps;D:\Bandizip\Installation\;D:\IntelliJ\IntelliJ IDEA Community Edition 2020.2.1\bin;;D:\VSCode\Microsoft VS Code\bin;D:\IntelliJ\IntelliJ IDEA 2020.3\bin;;."/>
    <property name="java.vm.info" value="mixed mode"/>
    <property name="java.vendor" value="Oracle Corporation"/>
    <property name="java.vm.version" value="25.261-b12"/>
    <property name="java.ext.dirs" value="D:\Java\jdk1.8.0_261\jre\lib\ext;C:\Windows\Sun\Java\lib\ext"/>
    <property name="sun.io.unicode.encoding" value="UnicodeLittle"/>
    <property name="maven.repo.local" value="D:\devsoft\maven-repository"/>
    <property name="java.class.version" value="52.0"/>
  </properties>
  <testcase name="contextLoads" classname="com.atguigu.springboot.SpringBoot02ConfigApplicationTests" time="0.296"/>
</testsuite>